<html>
<head>
<title>TestNG:  Test</title>
<link href="../testng.css" rel="stylesheet" type="text/css" />
<link href="../my-testng.css" rel="stylesheet" type="text/css" />

<style type="text/css">
.log { display: none;} 
.stack-trace { display: none;} 
</style>
<script type="text/javascript">
<!--
function flip(e) {
  current = e.style.display;
  if (current == 'block') {
    e.style.display = 'none';
    return 0;
  }
  else {
    e.style.display = 'block';
    return 1;
  }
}

function toggleBox(szDivId, elem, msg1, msg2)
{
  var res = -1;  if (document.getElementById) {
    res = flip(document.getElementById(szDivId));
  }
  else if (document.all) {
    // this is the way old msie versions work
    res = flip(document.all[szDivId]);
  }
  if(elem) {
    if(res == 0) elem.innerHTML = msg1; else elem.innerHTML = msg2;
  }

}

function toggleAllBoxes() {
  if (document.getElementsByTagName) {
    d = document.getElementsByTagName('div');
    for (i = 0; i < d.length; i++) {
      if (d[i].className == 'log') {
        flip(d[i]);
      }
    }
  }
}

// -->
</script>

</head>
<body>
<h2 align='center'>Test</h2><table border='1' align="center">
<tr>
<td>Tests passed/Failed/Skipped:</td><td>22/2/0</td>
</tr><tr>
<td>Started on:</td><td>Thu Feb 11 14:58:41 IST 2021</td>
</tr>
<tr><td>Total time:</td><td>300 seconds (300818 ms)</td>
</tr><tr>
<td>Included groups:</td><td></td>
</tr><tr>
<td>Excluded groups:</td><td></td>
</tr>
</table><p/>
<small><i>(Hover the method name to see the test class name)</i></small><p/>
<table width='100%' border='1' class='invocation-failed'>
<tr><td colspan='4' align='center'><b>FAILED TESTS</b></td></tr>
<tr><td><b>Test method</b></td>
<td width="30%"><b>Exception</b></td>
<td width="10%"><b>Time (seconds)</b></td>
<td><b>Instance</b></td>
</tr>
<tr>
<td title='com.tests.SigninTest.Invalid_Update_Profile()'><b>Invalid_Update_Profile</b><br>Test class: com.tests.SigninTest</td>
<td><div><pre>org.openqa.selenium.TimeoutException: Expected condition failed: waiting for element to be clickable: [[ChromeDriver: chrome on WINDOWS (a4629ecd45f368fd360d373bc49c5d76)] -&gt; id: hc] (tried for 10 second(s) with 500 milliseconds interval)
Build info: version: &apos;3.141.59&apos;, revision: &apos;e82be7d358&apos;, time: &apos;2018-11-14T08:25:48&apos;
System info: host: &apos;RANJEETVERMA&apos;, ip: &apos;192.168.1.12&apos;, os.name: &apos;Windows 10&apos;, os.arch: &apos;amd64&apos;, os.version: &apos;10.0&apos;, java.version: &apos;1.8.0_131&apos;
Driver info: org.openqa.selenium.chrome.ChromeDriver
Capabilities {acceptInsecureCerts: false, browserName: chrome, browserVersion: 88.0.4324.150, chrome: {chromedriverVersion: 88.0.4324.96 (68dba2d8a0b14..., userDataDir: C:\Users\RANJEE~1\AppData\L...}, goog:chromeOptions: {debuggerAddress: localhost:63196}, javascriptEnabled: true, networkConnectionEnabled: false, pageLoadStrategy: normal, platform: WINDOWS, platformName: WINDOWS, proxy: Proxy(), setWindowRect: true, strictFileInteractability: false, timeouts: {implicit: 0, pageLoad: 300000, script: 30000}, unhandledPromptBehavior: dismiss and notify, webauthn:extension:largeBlob: true, webauthn:virtualAuthenticators: true}
Session ID: a4629ecd45f368fd360d373bc49c5d76
	at org.openqa.selenium.support.ui.WebDriverWait.timeoutException(WebDriverWait.java:95)
	at org.openqa.selenium.support.ui.FluentWait.until(FluentWait.java:272)
	at com.utils.ExplicitWait.checkClickableExplicitly(ExplicitWait.java:12)
	at com.pages.SigninPage.Update_Profile(SigninPage.java:143)
	at com.tests.SigninTest.Invalid_Update_Profile(SigninTest.java:138)
... Removed 25 stack frames</pre></div><a href='#' onClick='toggleBox("stack-trace1359382959", this, "Click to show all stack frames", "Click to hide stack frames")'>Click to show all stack frames</a>
<div class='stack-trace' id='stack-trace1359382959'><pre>org.openqa.selenium.TimeoutException: Expected condition failed: waiting for element to be clickable: [[ChromeDriver: chrome on WINDOWS (a4629ecd45f368fd360d373bc49c5d76)] -&gt; id: hc] (tried for 10 second(s) with 500 milliseconds interval)
Build info: version: &apos;3.141.59&apos;, revision: &apos;e82be7d358&apos;, time: &apos;2018-11-14T08:25:48&apos;
System info: host: &apos;RANJEETVERMA&apos;, ip: &apos;192.168.1.12&apos;, os.name: &apos;Windows 10&apos;, os.arch: &apos;amd64&apos;, os.version: &apos;10.0&apos;, java.version: &apos;1.8.0_131&apos;
Driver info: org.openqa.selenium.chrome.ChromeDriver
Capabilities {acceptInsecureCerts: false, browserName: chrome, browserVersion: 88.0.4324.150, chrome: {chromedriverVersion: 88.0.4324.96 (68dba2d8a0b14..., userDataDir: C:\Users\RANJEE~1\AppData\L...}, goog:chromeOptions: {debuggerAddress: localhost:63196}, javascriptEnabled: true, networkConnectionEnabled: false, pageLoadStrategy: normal, platform: WINDOWS, platformName: WINDOWS, proxy: Proxy(), setWindowRect: true, strictFileInteractability: false, timeouts: {implicit: 0, pageLoad: 300000, script: 30000}, unhandledPromptBehavior: dismiss and notify, webauthn:extension:largeBlob: true, webauthn:virtualAuthenticators: true}
Session ID: a4629ecd45f368fd360d373bc49c5d76
	at org.openqa.selenium.support.ui.WebDriverWait.timeoutException(WebDriverWait.java:95)
	at org.openqa.selenium.support.ui.FluentWait.until(FluentWait.java:272)
	at com.utils.ExplicitWait.checkClickableExplicitly(ExplicitWait.java:12)
	at com.pages.SigninPage.Update_Profile(SigninPage.java:143)
	at com.tests.SigninTest.Invalid_Update_Profile(SigninTest.java:138)
	at sun.reflect.NativeMethodAccessorImpl.invoke0(Native Method)
	at sun.reflect.NativeMethodAccessorImpl.invoke(NativeMethodAccessorImpl.java:62)
	at sun.reflect.DelegatingMethodAccessorImpl.invoke(DelegatingMethodAccessorImpl.java:43)
	at java.lang.reflect.Method.invoke(Method.java:498)
	at org.testng.internal.MethodInvocationHelper.invokeMethod(MethodInvocationHelper.java:124)
	at org.testng.internal.Invoker.invokeMethod(Invoker.java:583)
	at org.testng.internal.Invoker.invokeTestMethod(Invoker.java:719)
	at org.testng.internal.Invoker.invokeTestMethods(Invoker.java:989)
	at org.testng.internal.TestMethodWorker.invokeTestMethods(TestMethodWorker.java:125)
	at org.testng.internal.TestMethodWorker.run(TestMethodWorker.java:109)
	at org.testng.TestRunner.privateRun(TestRunner.java:648)
	at org.testng.TestRunner.run(TestRunner.java:505)
	at org.testng.SuiteRunner.runTest(SuiteRunner.java:455)
	at org.testng.SuiteRunner.runSequentially(SuiteRunner.java:450)
	at org.testng.SuiteRunner.privateRun(SuiteRunner.java:415)
	at org.testng.SuiteRunner.run(SuiteRunner.java:364)
	at org.testng.SuiteRunnerWorker.runSuite(SuiteRunnerWorker.java:52)
	at org.testng.SuiteRunnerWorker.run(SuiteRunnerWorker.java:84)
	at org.testng.TestNG.runSuitesSequentially(TestNG.java:1208)
	at org.testng.TestNG.runSuitesLocally(TestNG.java:1137)
	at org.testng.TestNG.runSuites(TestNG.java:1049)
	at org.testng.TestNG.run(TestNG.java:1017)
	at org.testng.remote.AbstractRemoteTestNG.run(AbstractRemoteTestNG.java:115)
	at org.testng.remote.RemoteTestNG.initAndRun(RemoteTestNG.java:251)
	at org.testng.remote.RemoteTestNG.main(RemoteTestNG.java:77)
</pre></div></td>
<td>22</td>
<td>com.tests.SigninTest@61710c6</td></tr>
<tr>
<td title='com.tests.SigninTest.Valid_Update_Profile()'><b>Valid_Update_Profile</b><br>Test class: com.tests.SigninTest</td>
<td><div><pre>org.openqa.selenium.NoSuchElementException: no such element: Unable to locate element: {&quot;method&quot;:&quot;css selector&quot;,&quot;selector&quot;:&quot;#Editbtn&quot;}
  (Session info: headless chrome=88.0.4324.150)
For documentation on this error, please visit: https://www.seleniumhq.org/exceptions/no_such_element.html
Build info: version: &apos;3.141.59&apos;, revision: &apos;e82be7d358&apos;, time: &apos;2018-11-14T08:25:48&apos;
System info: host: &apos;RANJEETVERMA&apos;, ip: &apos;192.168.1.12&apos;, os.name: &apos;Windows 10&apos;, os.arch: &apos;amd64&apos;, os.version: &apos;10.0&apos;, java.version: &apos;1.8.0_131&apos;
Driver info: org.openqa.selenium.chrome.ChromeDriver
Capabilities {acceptInsecureCerts: false, browserName: chrome, browserVersion: 88.0.4324.150, chrome: {chromedriverVersion: 88.0.4324.96 (68dba2d8a0b14..., userDataDir: C:\Users\RANJEE~1\AppData\L...}, goog:chromeOptions: {debuggerAddress: localhost:63627}, javascriptEnabled: true, networkConnectionEnabled: false, pageLoadStrategy: normal, platform: WINDOWS, platformName: WINDOWS, proxy: Proxy(), setWindowRect: true, strictFileInteractability: false, timeouts: {implicit: 0, pageLoad: 300000, script: 30000}, unhandledPromptBehavior: dismiss and notify, webauthn:extension:largeBlob: true, webauthn:virtualAuthenticators: true}
Session ID: 20810e8932d87e980f38547bd31c1d3b
*** Element info: {Using=id, value=Editbtn}
	at org.openqa.selenium.remote.http.W3CHttpResponseCodec.createException(W3CHttpResponseCodec.java:187)
	at org.openqa.selenium.remote.http.W3CHttpResponseCodec.decode(W3CHttpResponseCodec.java:122)
	at org.openqa.selenium.remote.http.W3CHttpResponseCodec.decode(W3CHttpResponseCodec.java:49)
	at org.openqa.selenium.remote.HttpCommandExecutor.execute(HttpCommandExecutor.java:158)
	at org.openqa.selenium.remote.service.DriverCommandExecutor.execute(DriverCommandExecutor.java:83)
	at org.openqa.selenium.remote.RemoteWebDriver.execute(RemoteWebDriver.java:552)
	at org.openqa.selenium.remote.RemoteWebDriver.findElement(RemoteWebDriver.java:323)
	at org.openqa.selenium.remote.RemoteWebDriver.findElementById(RemoteWebDriver.java:372)
	at org.openqa.selenium.By$ById.findElement(By.java:188)
	at org.openqa.selenium.remote.RemoteWebDriver.findElement(RemoteWebDriver.java:315)
	at org.openqa.selenium.support.pagefactory.DefaultElementLocator.findElement(DefaultElementLocator.java:69)
	at org.openqa.selenium.support.pagefactory.internal.LocatingElementHandler.invoke(LocatingElementHandler.java:38)
	at com.sun.proxy.$Proxy28.click(Unknown Source)
	at com.pages.SigninPage.Update_Profile(SigninPage.java:146)
	at com.tests.SigninTest.Valid_Update_Profile(SigninTest.java:105)
... Removed 29 stack frames</pre></div><a href='#' onClick='toggleBox("stack-trace244838677", this, "Click to show all stack frames", "Click to hide stack frames")'>Click to show all stack frames</a>
<div class='stack-trace' id='stack-trace244838677'><pre>org.openqa.selenium.NoSuchElementException: no such element: Unable to locate element: {&quot;method&quot;:&quot;css selector&quot;,&quot;selector&quot;:&quot;#Editbtn&quot;}
  (Session info: headless chrome=88.0.4324.150)
For documentation on this error, please visit: https://www.seleniumhq.org/exceptions/no_such_element.html
Build info: version: &apos;3.141.59&apos;, revision: &apos;e82be7d358&apos;, time: &apos;2018-11-14T08:25:48&apos;
System info: host: &apos;RANJEETVERMA&apos;, ip: &apos;192.168.1.12&apos;, os.name: &apos;Windows 10&apos;, os.arch: &apos;amd64&apos;, os.version: &apos;10.0&apos;, java.version: &apos;1.8.0_131&apos;
Driver info: org.openqa.selenium.chrome.ChromeDriver
Capabilities {acceptInsecureCerts: false, browserName: chrome, browserVersion: 88.0.4324.150, chrome: {chromedriverVersion: 88.0.4324.96 (68dba2d8a0b14..., userDataDir: C:\Users\RANJEE~1\AppData\L...}, goog:chromeOptions: {debuggerAddress: localhost:63627}, javascriptEnabled: true, networkConnectionEnabled: false, pageLoadStrategy: normal, platform: WINDOWS, platformName: WINDOWS, proxy: Proxy(), setWindowRect: true, strictFileInteractability: false, timeouts: {implicit: 0, pageLoad: 300000, script: 30000}, unhandledPromptBehavior: dismiss and notify, webauthn:extension:largeBlob: true, webauthn:virtualAuthenticators: true}
Session ID: 20810e8932d87e980f38547bd31c1d3b
*** Element info: {Using=id, value=Editbtn}
	at sun.reflect.NativeConstructorAccessorImpl.newInstance0(Native Method)
	at sun.reflect.NativeConstructorAccessorImpl.newInstance(NativeConstructorAccessorImpl.java:62)
	at sun.reflect.DelegatingConstructorAccessorImpl.newInstance(DelegatingConstructorAccessorImpl.java:45)
	at java.lang.reflect.Constructor.newInstance(Constructor.java:423)
	at org.openqa.selenium.remote.http.W3CHttpResponseCodec.createException(W3CHttpResponseCodec.java:187)
	at org.openqa.selenium.remote.http.W3CHttpResponseCodec.decode(W3CHttpResponseCodec.java:122)
	at org.openqa.selenium.remote.http.W3CHttpResponseCodec.decode(W3CHttpResponseCodec.java:49)
	at org.openqa.selenium.remote.HttpCommandExecutor.execute(HttpCommandExecutor.java:158)
	at org.openqa.selenium.remote.service.DriverCommandExecutor.execute(DriverCommandExecutor.java:83)
	at org.openqa.selenium.remote.RemoteWebDriver.execute(RemoteWebDriver.java:552)
	at org.openqa.selenium.remote.RemoteWebDriver.findElement(RemoteWebDriver.java:323)
	at org.openqa.selenium.remote.RemoteWebDriver.findElementById(RemoteWebDriver.java:372)
	at org.openqa.selenium.By$ById.findElement(By.java:188)
	at org.openqa.selenium.remote.RemoteWebDriver.findElement(RemoteWebDriver.java:315)
	at org.openqa.selenium.support.pagefactory.DefaultElementLocator.findElement(DefaultElementLocator.java:69)
	at org.openqa.selenium.support.pagefactory.internal.LocatingElementHandler.invoke(LocatingElementHandler.java:38)
	at com.sun.proxy.$Proxy28.click(Unknown Source)
	at com.pages.SigninPage.Update_Profile(SigninPage.java:146)
	at com.tests.SigninTest.Valid_Update_Profile(SigninTest.java:105)
	at sun.reflect.NativeMethodAccessorImpl.invoke0(Native Method)
	at sun.reflect.NativeMethodAccessorImpl.invoke(NativeMethodAccessorImpl.java:62)
	at sun.reflect.DelegatingMethodAccessorImpl.invoke(DelegatingMethodAccessorImpl.java:43)
	at java.lang.reflect.Method.invoke(Method.java:498)
	at org.testng.internal.MethodInvocationHelper.invokeMethod(MethodInvocationHelper.java:124)
	at org.testng.internal.Invoker.invokeMethod(Invoker.java:583)
	at org.testng.internal.Invoker.invokeTestMethod(Invoker.java:719)
	at org.testng.internal.Invoker.invokeTestMethods(Invoker.java:989)
	at org.testng.internal.TestMethodWorker.invokeTestMethods(TestMethodWorker.java:125)
	at org.testng.internal.TestMethodWorker.run(TestMethodWorker.java:109)
	at org.testng.TestRunner.privateRun(TestRunner.java:648)
	at org.testng.TestRunner.run(TestRunner.java:505)
	at org.testng.SuiteRunner.runTest(SuiteRunner.java:455)
	at org.testng.SuiteRunner.runSequentially(SuiteRunner.java:450)
	at org.testng.SuiteRunner.privateRun(SuiteRunner.java:415)
	at org.testng.SuiteRunner.run(SuiteRunner.java:364)
	at org.testng.SuiteRunnerWorker.runSuite(SuiteRunnerWorker.java:52)
	at org.testng.SuiteRunnerWorker.run(SuiteRunnerWorker.java:84)
	at org.testng.TestNG.runSuitesSequentially(TestNG.java:1208)
	at org.testng.TestNG.runSuitesLocally(TestNG.java:1137)
	at org.testng.TestNG.runSuites(TestNG.java:1049)
	at org.testng.TestNG.run(TestNG.java:1017)
	at org.testng.remote.AbstractRemoteTestNG.run(AbstractRemoteTestNG.java:115)
	at org.testng.remote.RemoteTestNG.initAndRun(RemoteTestNG.java:251)
	at org.testng.remote.RemoteTestNG.main(RemoteTestNG.java:77)
</pre></div></td>
<td>24</td>
<td>com.tests.SigninTest@61710c6</td></tr>
</table><p>
<table width='100%' border='1' class='invocation-passed'>
<tr><td colspan='4' align='center'><b>PASSED TESTS</b></td></tr>
<tr><td><b>Test method</b></td>
<td width="30%"><b>Exception</b></td>
<td width="10%"><b>Time (seconds)</b></td>
<td><b>Instance</b></td>
</tr>
<tr>
<td title='com.tests.AwardsRecognitionTest.Award_Recognition()'><b>Award_Recognition</b><br>Test class: com.tests.AwardsRecognitionTest</td>
<td></td>
<td>3</td>
<td>com.tests.AwardsRecognitionTest@383dc82c</td></tr>
<tr>
<td title='com.tests.BusHireOfferTest.BusHire_Offer()'><b>BusHire_Offer</b><br>Test class: com.tests.BusHireOfferTest</td>
<td></td>
<td>2</td>
<td>com.tests.BusHireOfferTest@1a5b6f42</td></tr>
<tr>
<td title='com.tests.BusHireOperatorTest.Bus_Hire_Operator()'><b>Bus_Hire_Operator</b><br>Test class: com.tests.BusHireOperatorTest</td>
<td></td>
<td>5</td>
<td>com.tests.BusHireOperatorTest@5038d0b5</td></tr>
<tr>
<td title='com.tests.CallBackTest.Call_BackTest()'><b>Call_BackTest</b><br>Test class: com.tests.CallBackTest</td>
<td></td>
<td>2</td>
<td>com.tests.CallBackTest@4a07d605</td></tr>
<tr>
<td title='com.tests.ConvenienceTest.Convenience_Test()'><b>Convenience_Test</b><br>Test class: com.tests.ConvenienceTest</td>
<td></td>
<td>0</td>
<td>com.tests.ConvenienceTest@2ad48653</td></tr>
<tr>
<td title='com.tests.EasierBusHireTest.EasierBus_Hire()'><b>EasierBus_Hire</b><br>Test class: com.tests.EasierBusHireTest</td>
<td></td>
<td>2</td>
<td>com.tests.EasierBusHireTest@6bb4dd34</td></tr>
<tr>
<td title='com.tests.ManagedBookingTest.Invalid_Cancel()'><b>Invalid_Cancel</b><br>Test class: com.tests.ManagedBookingTest</td>
<td></td>
<td>0</td>
<td>com.tests.ManagedBookingTest@7d9f158f</td></tr>
<tr>
<td title='com.tests.BusHireTest.Invalid_Cancellation()'><b>Invalid_Cancellation</b><br>Test class: com.tests.BusHireTest</td>
<td></td>
<td>2</td>
<td>com.tests.BusHireTest@32115b28</td></tr>
<tr>
<td title='com.tests.ManagedBookingTest.Invalid_Email_SMS()'><b>Invalid_Email_SMS</b><br>Test class: com.tests.ManagedBookingTest</td>
<td></td>
<td>1</td>
<td>com.tests.ManagedBookingTest@7d9f158f</td></tr>
<tr>
<td title='com.tests.ManagedBookingTest.Invalid_ReSchedule()'><b>Invalid_ReSchedule</b><br>Test class: com.tests.ManagedBookingTest</td>
<td></td>
<td>1</td>
<td>com.tests.ManagedBookingTest@7d9f158f</td></tr>
<tr>
<td title='com.tests.ManagedBookingTest.Invalid_Show_MyTicket()'><b>Invalid_Show_MyTicket</b><br>Test class: com.tests.ManagedBookingTest</td>
<td></td>
<td>1</td>
<td>com.tests.ManagedBookingTest@7d9f158f</td></tr>
<tr>
<td title='com.tests.SigninTest.Invalid_Signin_Page()'><b>Invalid_Signin_Page</b><br>Test class: com.tests.SigninTest</td>
<td></td>
<td>11</td>
<td>com.tests.SigninTest@61710c6</td></tr>
<tr>
<td title='com.tests.SigninTest.My_Trip()'><b>My_Trip</b><br>Test class: com.tests.SigninTest</td>
<td></td>
<td>13</td>
<td>com.tests.SigninTest@61710c6</td></tr>
<tr>
<td title='com.tests.SigninTest.My_Wallets()'><b>My_Wallets</b><br>Test class: com.tests.SigninTest</td>
<td></td>
<td>13</td>
<td>com.tests.SigninTest@61710c6</td></tr>
<tr>
<td title='com.tests.ReadGuidlinesTest.Read_Guidlines()'><b>Read_Guidlines</b><br>Test class: com.tests.ReadGuidlinesTest</td>
<td></td>
<td>2</td>
<td>com.tests.ReadGuidlinesTest@45efd90f</td></tr>
<tr>
<td title='com.tests.RpoolNewTest.Rpool_Information()'><b>Rpool_Information</b><br>Test class: com.tests.RpoolNewTest</td>
<td></td>
<td>1</td>
<td>com.tests.RpoolNewTest@4b8729ff</td></tr>
<tr>
<td title='com.tests.RpoolNewTest.Rpool_New()'><b>Rpool_New</b><br>Test class: com.tests.RpoolNewTest</td>
<td></td>
<td>1</td>
<td>com.tests.RpoolNewTest@4b8729ff</td></tr>
<tr>
<td title='com.tests.SigninTest.Sign_Out()'><b>Sign_Out</b><br>Test class: com.tests.SigninTest</td>
<td></td>
<td>12</td>
<td>com.tests.SigninTest@61710c6</td></tr>
<tr>
<td title='com.tests.SigninTest.Sign_Out_All_Device()'><b>Sign_Out_All_Device</b><br>Test class: com.tests.SigninTest</td>
<td></td>
<td>11</td>
<td>com.tests.SigninTest@61710c6</td></tr>
<tr>
<td title='com.tests.TripDetailsTest.Trip_Details()'><b>Trip_Details</b><br>Test class: com.tests.TripDetailsTest</td>
<td></td>
<td>34</td>
<td>com.tests.TripDetailsTest@3214ee6</td></tr>
<tr>
<td title='com.tests.SigninTest.Valid_Signin_Page()'><b>Valid_Signin_Page</b><br>Test class: com.tests.SigninTest</td>
<td></td>
<td>15</td>
<td>com.tests.SigninTest@61710c6</td></tr>
<tr>
<td title='com.tests.SigninTest.Wallets()'><b>Wallets</b><br>Test class: com.tests.SigninTest</td>
<td></td>
<td>13</td>
<td>com.tests.SigninTest@61710c6</td></tr>
</table><p>
</body>
</html>